<?xml version="1.0" encoding="UTF-8"?>
<!-- Generated by org.testng.reporters.JUnitReportReporter -->
<testsuite hostname="LAPTOP-NHNOAT4A" failures="0" tests="1" name="com.ai1.runner.TestRunner" time="4.751" errors="0" timestamp="2025-05-23T19:22:03 IST" skipped="0">
  <testcase classname="com.ai1.runner.TestRunner" name="runScenario" time="4.751"/>
</testsuite> <!-- com.ai1.runner.TestRunner -->
