<?xml version="1.0" encoding="UTF-8"?>
<!-- Generated by org.testng.reporters.JUnitReportReporter -->
<testsuite hostname="LAPTOP-NHNOAT4A" failures="0" tests="1" name="com.ai1.runner.TestRunner" time="4.314" errors="0" timestamp="2025-05-24T10:59:22 IST" skipped="0">
  <testcase classname="com.ai1.runner.TestRunner" name="runScenario" time="4.314"/>
</testsuite> <!-- com.ai1.runner.TestRunner -->
